<?xml version="1.0" encoding="UTF-8"?>
<!-- Generated by org.testng.reporters.JUnitXMLReporter -->
<testsuite ignored="0" hostname="hp" failures="0" tests="6" name="Inwarranty flow Test" time="4.473" errors="0" timestamp="2026-07-08T18:07:55 IST">
  <testcase classname="com.api.tests.LoginAPITest" name="loginAPITest" time="1.286"/>
  <testcase classname="com.api.tests.UserDetailsAPITest" name="userDetailsAPITest" time="0.081"/>
  <testcase classname="com.api.tests.CountAPITest" name="verifyCountAPIResponse" time="0.399"/>
  <testcase classname="com.api.tests.CountAPITest" name="countAPITest_MissingAuthToken" time="1.934"/>
  <testcase classname="com.api.tests.MasterAPITest" name="masterAPITest" time="0.635"/>
  <testcase classname="com.api.tests.MasterAPITest" name="invalidTokenMasterAPI" time="0.082"/>
</testsuite> <!-- Inwarranty flow Test -->
