<?xml version="1.0" encoding="UTF-8"?>
<!-- Generated by org.testng.reporters.JUnitXMLReporter -->
<testsuite ignored="0" hostname="hp" failures="0" tests="6" name="Surefire test" time="1.944" errors="0" timestamp="2026-07-08T12:45:27 IST">
  <testcase classname="com.api.tests.CountAPITest" name="countAPITest_MissingAuthToken" time="0.605"/>
  <testcase classname="com.api.tests.CountAPITest" name="verifyCountAPIResponse" time="0.56"/>
  <testcase classname="com.api.tests.LoginAPITest" name="loginAPITest" time="0.153"/>
  <testcase classname="com.api.tests.MasterAPITest" name="invalidTokenMasterAPI" time="0.061"/>
  <testcase classname="com.api.tests.MasterAPITest" name="masterAPITest" time="0.444"/>
  <testcase classname="com.api.tests.UserDetailsAPITest" name="userDetailsAPITest" time="0.081"/>
</testsuite> <!-- Surefire test -->
