<?xml version="1.0" encoding="UTF-8"?>
<!-- Generated by org.testng.reporters.JUnitXMLReporter -->
<testsuite ignored="1" hostname="hp" failures="0" tests="1" name="Default test" time="2.955" errors="0" timestamp="2026-07-08T12:44:27 IST">
  <testcase classname="com.api.tests.MasterAPITest" name="invalidTokenMasterAPI" time="2.905"/>
  <testcase classname="com.api.tests.MasterAPITest" name="masterAPITest" time="0.0">
    <ignored/>
  </testcase> <!-- masterAPITest -->
</testsuite> <!-- Default test -->
