<?xml version="1.0" encoding="UTF-8"?>
<testsuite xmlns:xsi="http://www.w3.org/2001/XMLSchema-instance" xsi:noNamespaceSchemaLocation="https://maven.apache.org/surefire/maven-surefire-plugin/xsd/surefire-test-report-3.0.xsd" version="3.0" name="TestSuite" time="2.958" tests="2" errors="0" skipped="0" failures="1">
  <properties>
[...]
</properties>
  <testcase name="loginAPITest" classname="com.api.tests.LoginAPITest" time="2.558">
    <failure message="1 expectation failed.&#10;Expected response time was not a value less than &lt;1000L&gt; milliseconds, was 1456 milliseconds (1456 milliseconds)." type="java.lang.AssertionError"><![CDATA[java.lang.AssertionError: 
1 expectation failed.
Expected response time was not a value less than <1000L> milliseconds, was 1456 milliseconds (1456 milliseconds).
	at java.base/jdk.internal.reflect.DirectConstructorHandleAccessor.newInstance(DirectConstructorHandleAccessor.java:62)
	at java.base/java.lang.reflect.Constructor.newInstanceWithCaller(Constructor.java:502)
	at java.base/java.lang.reflect.Constructor.newInstance(Constructor.java:486)
	at org.codehaus.groovy.reflection.CachedConstructor.invoke(CachedConstructor.java:73)
	at org.codehaus.groovy.runtime.callsite.ConstructorSite$ConstructorSiteNoUnwrapNoCoerce.callConstructor(ConstructorSite.java:108)
	at org.codehaus.groovy.runtime.callsite.CallSiteArray.defaultCallConstructor(CallSiteArray.java:57)
	at org.codehaus.groovy.runtime.callsite.AbstractCallSite.callConstructor(AbstractCallSite.java:263)
	at org.codehaus.groovy.runtime.callsite.AbstractCallSite.callConstructor(AbstractCallSite.java:277)
	at io.restassured.internal.ResponseSpecificationImpl$HamcrestAssertionClosure.validate(ResponseSpecificationImpl.groovy:512)
	at io.restassured.internal.ResponseSpecificationImpl$HamcrestAssertionClosure$validate$1.call(Unknown Source)
	at io.restassured.internal.ResponseSpecificationImpl.validateResponseIfRequired(ResponseSpecificationImpl.groovy:696)
	at io.restassured.internal.ResponseSpecificationImpl.this$2$validateResponseIfRequired(ResponseSpecificationImpl.groovy)
	at java.base/jdk.internal.reflect.DirectMethodHandleAccessor.invoke(DirectMethodHandleAccessor.java:103)
	at java.base/java.lang.reflect.Method.invoke(Method.java:580)
	at org.codehaus.groovy.runtime.callsite.PlainObjectMetaMethodSite.doInvoke(PlainObjectMetaMethodSite.java:43)
	at org.codehaus.groovy.runtime.callsite.PogoMetaMethodSite$PogoCachedMethodSiteNoUnwrapNoCoerce.invoke(PogoMetaMethodSite.java:198)
	at org.codehaus.groovy.runtime.callsite.PogoMetaMethodSite.callCurrent(PogoMetaMethodSite.java:62)
	at org.codehaus.groovy.runtime.callsite.CallSiteArray.defaultCallCurrent(CallSiteArray.java:49)
	at org.codehaus.groovy.runtime.callsite.AbstractCallSite.callCurrent(AbstractCallSite.java:171)
	at org.codehaus.groovy.runtime.callsite.AbstractCallSite.callCurrent(AbstractCallSite.java:185)
	at io.restassured.internal.ResponseSpecificationImpl.time(ResponseSpecificationImpl.groovy:127)
	at io.restassured.internal.ValidatableResponseOptionsImpl.time(ValidatableResponseOptionsImpl.java:409)
	at io.restassured.internal.ValidatableResponseOptionsImpl.time(ValidatableResponseOptionsImpl.java:405)
	at com.api.tests.LoginAPITest.loginAPITest(LoginAPITest.java:38)
	at java.base/jdk.internal.reflect.DirectMethodHandleAccessor.invoke(DirectMethodHandleAccessor.java:103)
	at java.base/java.lang.reflect.Method.invoke(Method.java:580)
	at org.testng.internal.MethodInvocationHelper.invokeMethod(MethodInvocationHelper.java:133)
	at org.testng.internal.TestInvoker.invokeMethod(TestInvoker.java:598)
	at org.testng.internal.TestInvoker.invokeTestMethod(TestInvoker.java:173)
	at org.testng.internal.MethodRunner.runInSequence(MethodRunner.java:46)
	at org.testng.internal.TestInvoker$MethodInvocationAgent.invoke(TestInvoker.java:824)
	at org.testng.internal.TestInvoker.invokeTestMethods(TestInvoker.java:146)
	at org.testng.internal.TestMethodWorker.invokeTestMethods(TestMethodWorker.java:146)
	at org.testng.internal.TestMethodWorker.run(TestMethodWorker.java:128)
	at java.base/java.util.ArrayList.forEach(ArrayList.java:1596)
	at org.testng.TestRunner.privateRun(TestRunner.java:794)
	at org.testng.TestRunner.run(TestRunner.java:596)
	at org.testng.SuiteRunner.runTest(SuiteRunner.java:377)
	at org.testng.SuiteRunner.runSequentially(SuiteRunner.java:371)
	at org.testng.SuiteRunner.privateRun(SuiteRunner.java:332)
	at org.testng.SuiteRunner.run(SuiteRunner.java:276)
	at org.testng.SuiteRunnerWorker.runSuite(SuiteRunnerWorker.java:53)
	at org.testng.SuiteRunnerWorker.run(SuiteRunnerWorker.java:96)
	at org.testng.TestNG.runSuitesSequentially(TestNG.java:1212)
	at org.testng.TestNG.runSuitesLocally(TestNG.java:1134)
	at org.testng.TestNG.runSuites(TestNG.java:1063)
	at org.testng.TestNG.run(TestNG.java:1031)
	at org.apache.maven.surefire.testng.TestNGExecutor.run(TestNGExecutor.java:155)
	at org.apache.maven.surefire.testng.TestNGDirectoryTestSuite.executeMulti(TestNGDirectoryTestSuite.java:169)
	at org.apache.maven.surefire.testng.TestNGDirectoryTestSuite.execute(TestNGDirectoryTestSuite.java:88)
	at org.apache.maven.surefire.testng.TestNGProvider.invoke(TestNGProvider.java:137)
	at org.apache.maven.surefire.booter.ForkedBooter.runSuitesInProcess(ForkedBooter.java:385)
	at org.apache.maven.surefire.booter.ForkedBooter.execute(ForkedBooter.java:162)
	at org.apache.maven.surefire.booter.ForkedBooter.run(ForkedBooter.java:507)
	at org.apache.maven.surefire.booter.ForkedBooter.main(ForkedBooter.java:495)
]]></failure>
    <system-out><![CDATA[Body:
{
    "username": "iamfd",
    "password": "password"
}
Headers:		Accept=application/json, application/javascript, text/javascript, text/json
				Content-Type=application/json
Request URI:	http://64.227.160.186:9000/v1/login
Request method:	POST
HTTP/1.1 200 OK
X-DNS-Prefetch-Control: off
X-Frame-Options: SAMEORIGIN
Strict-Transport-Security: max-age=15552000; includeSubDomains
X-Download-Options: noopen
X-Content-Type-Options: nosniff
X-XSS-Protection: 1; mode=block
Access-Control-Allow-Origin: *
Content-Type: application/json; charset=utf-8
Content-Length: 690
ETag: W/"2b2-CYlsicw3Wcq3dGJsbvbXkq5fzwQ"
Vary: Accept-Encoding
Date: Mon, 06 Jul 2026 07:26:55 GMT
Connection: keep-alive
Keep-Alive: timeout=5

{
    "message": "Success",
    "data": {
        "token": "eyJhbGciOiJIUzI1NiIsInR5cCI6IkpXVCJ9.eyJpZCI6NCwiZmlyc3RfbmFtZSI6ImZkIiwibGFzdF9uYW1lIjoiZmQiLCJsb2dpbl9pZCI6ImlhbWZkIiwibW9iaWxlX251bWJlciI6Ijg4OTk3NzY2NTUiLCJlbWFpbF9pZCI6Im1hcmtAZ21haWwuY29tIiwicGFzc3dvcmQiOiI1ZjRkY2MzYjVhYTc2NWQ2MWQ4MzI3ZGViODgyY2Y5OSIsInJlc2V0X3Bhc3N3b3JkX2RhdGUiOm51bGwsImxvY2tfc3RhdHVzIjowLCJpc19hY3RpdmUiOjEsIm1zdF9yb2xlX2lkIjo1LCJtc3Rfc2VydmljZV9sb2NhdGlvbl9pZCI6MSwiY3JlYXRlZF9hdCI6IjIwMjEtMTEtMDNUMDg6MDY6MjMuMDAwWiIsIm1vZGlmaWVkX2F0IjoiMjAyMS0xMS0wM1QwODowNjoyMy4wMDBaIiwicm9sZV9uYW1lIjoiRnJvbnREZXNrIiwic2VydmljZV9sb2NhdGlvbiI6IlNlcnZpY2UgQ2VudGVyIEEiLCJpYXQiOjE3ODMzMjI4MTV9.e-qptlUA7DphRrK7KTyynAsQFS_PEx-HsNmUYergato"
    }
}
]]></system-out>
    <system-err><![CDATA[SLF4J: Failed to load class "org.slf4j.impl.StaticLoggerBinder".
SLF4J: Defaulting to no-operation (NOP) logger implementation
SLF4J: See http://www.slf4j.org/codes.html#StaticLoggerBinder for further details.
]]></system-err>
  </testcase>
  <testcase name="userDetailsAPITest" classname="com.api.tests.UserDetailsAPITest" time="0.075">
    <system-out><![CDATA[HTTP/1.1 200 OK
X-DNS-Prefetch-Control: off
X-Frame-Options: SAMEORIGIN
Strict-Transport-Security: max-age=15552000; includeSubDomains
X-Download-Options: noopen
X-Content-Type-Options: nosniff
X-XSS-Protection: 1; mode=block
Access-Control-Allow-Origin: *
Content-Type: application/json; charset=utf-8
Content-Length: 438
ETag: W/"1b6-cR2dclq1S8zJDBAsHCDA10lTBi4"
Vary: Accept-Encoding
Date: Mon, 06 Jul 2026 07:26:56 GMT
Connection: keep-alive
Keep-Alive: timeout=5

{
    "message": "Success",
    "data": {
        "id": 4,
        "first_name": "fd",
        "last_name": "fd",
        "login_id": "iamfd",
        "mobile_number": "8899776655",
        "email_id": "mark@gmail.com",
        "password": "5f4dcc3b5aa765d61d8327deb882cf99",
        "reset_password_date": null,
        "lock_status": 0,
        "is_active": 1,
        "mst_role_id": 5,
        "mst_service_location_id": 1,
        "created_at": "2021-11-03T08:06:23.000Z",
        "modified_at": "2021-11-03T08:06:23.000Z",
        "role_name": "FrontDesk",
        "service_location": "Service Center A"
    }
}
]]></system-out>
  </testcase>
</testsuite>