<?xml version="1.0" encoding="UTF-8"?>
<testng-results ignored="0" total="6" passed="6" failed="0" skipped="0">
  <reporter-output>
  </reporter-output>
  <suite started-at="2026-07-08T15:32:07 IST" name="Phoenix API Test Suite" finished-at="2026-07-08T15:32:09 IST" duration-ms="1791">
    <groups>
    </groups>
    <test started-at="2026-07-08T15:32:07 IST" name="Inwarranty flow Test" finished-at="2026-07-08T15:32:09 IST" duration-ms="1791">
      <class name="com.api.tests.MasterAPITest">
        <test-method signature="masterAPITest()[pri:0, instance:com.api.tests.MasterAPITest@5ff6dd3c]" started-at="2026-07-08T15:32:08 IST" name="masterAPITest" finished-at="2026-07-08T15:32:09 IST" duration-ms="422" status="PASS">
          <reporter-output>
          </reporter-output>
        </test-method> <!-- masterAPITest -->
        <test-method signature="invalidTokenMasterAPI()[pri:1, instance:com.api.tests.MasterAPITest@5ff6dd3c]" started-at="2026-07-08T15:32:09 IST" name="invalidTokenMasterAPI" finished-at="2026-07-08T15:32:09 IST" duration-ms="61" status="PASS">
          <reporter-output>
          </reporter-output>
        </test-method> <!-- invalidTokenMasterAPI -->
      </class> <!-- com.api.tests.MasterAPITest -->
      <class name="com.api.tests.UserDetailsAPITest">
        <test-method signature="userDetailsAPITest()[pri:0, instance:com.api.tests.UserDetailsAPITest@2a47597]" started-at="2026-07-08T15:32:07 IST" name="userDetailsAPITest" finished-at="2026-07-08T15:32:08 IST" duration-ms="80" status="PASS">
          <reporter-output>
          </reporter-output>
        </test-method> <!-- userDetailsAPITest -->
      </class> <!-- com.api.tests.UserDetailsAPITest -->
      <class name="com.api.tests.CountAPITest">
        <test-method signature="verifyCountAPIResponse()[pri:0, instance:com.api.tests.CountAPITest@12f279b5]" started-at="2026-07-08T15:32:08 IST" name="verifyCountAPIResponse" finished-at="2026-07-08T15:32:08 IST" duration-ms="283" status="PASS">
          <reporter-output>
          </reporter-output>
        </test-method> <!-- verifyCountAPIResponse -->
        <test-method signature="countAPITest_MissingAuthToken()[pri:1, instance:com.api.tests.CountAPITest@12f279b5]" started-at="2026-07-08T15:32:08 IST" name="countAPITest_MissingAuthToken" finished-at="2026-07-08T15:32:08 IST" duration-ms="458" status="PASS">
          <reporter-output>
          </reporter-output>
        </test-method> <!-- countAPITest_MissingAuthToken -->
      </class> <!-- com.api.tests.CountAPITest -->
      <class name="com.api.tests.LoginAPITest">
        <test-method signature="loginAPITest()[pri:0, instance:com.api.tests.LoginAPITest@7a419da4]" started-at="2026-07-08T15:32:07 IST" name="loginAPITest" finished-at="2026-07-08T15:32:07 IST" duration-ms="455" status="PASS">
          <reporter-output>
          </reporter-output>
        </test-method> <!-- loginAPITest -->
      </class> <!-- com.api.tests.LoginAPITest -->
    </test> <!-- Inwarranty flow Test -->
  </suite> <!-- Phoenix API Test Suite -->
</testng-results>
