<?xml version="1.0" encoding="UTF-8"?>
<testng-results ignored="1" total="2" passed="1" failed="0" skipped="0">
  <reporter-output>
  </reporter-output>
  <suite started-at="2026-07-08T12:44:24 IST" name="Default suite" finished-at="2026-07-08T12:44:27 IST" duration-ms="2955">
    <groups>
    </groups>
    <test started-at="2026-07-08T12:44:24 IST" name="Default test" finished-at="2026-07-08T12:44:27 IST" duration-ms="2955">
      <class name="com.api.tests.MasterAPITest">
        <test-method signature="invalidTokenMasterAPI()[pri:0, instance:com.api.tests.MasterAPITest@2c35e847]" started-at="2026-07-08T12:44:24 IST" name="invalidTokenMasterAPI" finished-at="2026-07-08T12:44:27 IST" duration-ms="2905" status="PASS">
          <reporter-output>
          </reporter-output>
        </test-method> <!-- invalidTokenMasterAPI -->
      </class> <!-- com.api.tests.MasterAPITest -->
    </test> <!-- Default test -->
  </suite> <!-- Default suite -->
</testng-results>
