<?xml version="1.0" encoding="UTF-8"?>
<!-- Generated by org.testng.reporters.JUnitReportReporter -->
<testsuite hostname="hp" failures="0" tests="2" name="com.api.tests.CountAPITest" time="0.667" errors="0" timestamp="2026-07-08T15:09:12 IST" skipped="0">
  <testcase classname="com.api.tests.CountAPITest" name="verifyCountAPIResponse" time="0.223"/>
  <system-out/>
  <testcase classname="com.api.tests.CountAPITest" name="countAPITest_MissingAuthToken" time="0.444"/>
  <system-out/>
</testsuite> <!-- com.api.tests.CountAPITest -->
