<?xml version="1.0" encoding="UTF-8"?>
<!-- Generated by org.testng.reporters.JUnitReportReporter -->
<testsuite hostname="hp" failures="0" tests="2" name="com.api.tests.MasterAPITest" time="0.717" errors="0" timestamp="2026-07-08T18:07:55 IST" skipped="0">
  <testcase classname="com.api.tests.MasterAPITest" name="masterAPITest" time="0.635"/>
  <system-out/>
  <testcase classname="com.api.tests.MasterAPITest" name="invalidTokenMasterAPI" time="0.082"/>
  <system-out/>
</testsuite> <!-- com.api.tests.MasterAPITest -->
